[26-Dec-2022 20:36:28 UTC] PHP Warning:  Undefined property: stdClass::$color in /opt/lampp/htdocs/social-proof-skyrocket/themes/altum/views/partials/plans.php on line 62
[26-Dec-2022 20:36:28 UTC] PHP Warning:  Undefined property: stdClass::$price in /opt/lampp/htdocs/social-proof-skyrocket/themes/altum/views/partials/plans.php on line 73
[26-Dec-2022 20:36:28 UTC] PHP Warning:  Undefined property: stdClass::$description in /opt/lampp/htdocs/social-proof-skyrocket/themes/altum/views/partials/plans.php on line 76
[26-Dec-2022 20:36:28 UTC] PHP Warning:  Undefined property: stdClass::$track_notifications_retention in /opt/lampp/htdocs/social-proof-skyrocket/themes/altum/views/partials/plans_plan_content.php on line 17
[26-Dec-2022 20:36:28 UTC] PHP Warning:  Undefined property: stdClass::$track_notifications_retention in /opt/lampp/htdocs/social-proof-skyrocket/themes/altum/views/partials/plans_plan_content.php on line 17
[26-Dec-2022 20:36:28 UTC] PHP Warning:  Undefined property: stdClass::$thank_you_url in /opt/lampp/htdocs/social-proof-skyrocket/themes/altum/views/partials/notifications/score_feedback.php on line 86
[26-Dec-2022 20:36:28 UTC] PHP Warning:  Undefined property: stdClass::$thank_you_url in /opt/lampp/htdocs/social-proof-skyrocket/themes/altum/views/partials/notifications/emoji_feedback.php on line 99
[26-Dec-2022 20:36:28 UTC] PHP Warning:  Undefined property: stdClass::$thank_you_url in /opt/lampp/htdocs/social-proof-skyrocket/themes/altum/views/partials/notifications/emoji_feedback.php on line 99
[26-Dec-2022 20:36:28 UTC] PHP Warning:  Undefined property: stdClass::$thank_you_url in /opt/lampp/htdocs/social-proof-skyrocket/themes/altum/views/partials/notifications/score_feedback.php on line 86
[26-Dec-2022 20:36:28 UTC] PHP Warning:  Undefined property: stdClass::$contact in /opt/lampp/htdocs/social-proof-skyrocket/themes/altum/views/partials/footer.php on line 56
[26-Dec-2022 20:36:28 UTC] PHP Warning:  Undefined property: stdClass::$guests_content in /opt/lampp/htdocs/social-proof-skyrocket/themes/altum/views/partials/announcements.php on line 4
[26-Dec-2022 20:36:28 UTC] PHP Warning:  Undefined property: stdClass::$users_content in /opt/lampp/htdocs/social-proof-skyrocket/themes/altum/views/partials/announcements.php on line 4
[26-Dec-2022 20:36:37 UTC] PHP Warning:  Undefined property: stdClass::$color in /opt/lampp/htdocs/social-proof-skyrocket/themes/altum/views/partials/plans.php on line 62
[26-Dec-2022 20:36:37 UTC] PHP Warning:  Undefined property: stdClass::$price in /opt/lampp/htdocs/social-proof-skyrocket/themes/altum/views/partials/plans.php on line 73
[26-Dec-2022 20:36:37 UTC] PHP Warning:  Undefined property: stdClass::$description in /opt/lampp/htdocs/social-proof-skyrocket/themes/altum/views/partials/plans.php on line 76
[26-Dec-2022 20:36:37 UTC] PHP Warning:  Undefined property: stdClass::$track_notifications_retention in /opt/lampp/htdocs/social-proof-skyrocket/themes/altum/views/partials/plans_plan_content.php on line 17
[26-Dec-2022 20:36:37 UTC] PHP Warning:  Undefined property: stdClass::$track_notifications_retention in /opt/lampp/htdocs/social-proof-skyrocket/themes/altum/views/partials/plans_plan_content.php on line 17
[26-Dec-2022 20:36:37 UTC] PHP Warning:  Undefined property: stdClass::$thank_you_url in /opt/lampp/htdocs/social-proof-skyrocket/themes/altum/views/partials/notifications/score_feedback.php on line 86
[26-Dec-2022 20:36:37 UTC] PHP Warning:  Undefined property: stdClass::$thank_you_url in /opt/lampp/htdocs/social-proof-skyrocket/themes/altum/views/partials/notifications/emoji_feedback.php on line 99
[26-Dec-2022 20:36:37 UTC] PHP Warning:  Undefined property: stdClass::$thank_you_url in /opt/lampp/htdocs/social-proof-skyrocket/themes/altum/views/partials/notifications/emoji_feedback.php on line 99
[26-Dec-2022 20:36:37 UTC] PHP Warning:  Undefined property: stdClass::$thank_you_url in /opt/lampp/htdocs/social-proof-skyrocket/themes/altum/views/partials/notifications/score_feedback.php on line 86
[26-Dec-2022 20:36:37 UTC] PHP Warning:  Undefined property: stdClass::$contact in /opt/lampp/htdocs/social-proof-skyrocket/themes/altum/views/partials/footer.php on line 56
[26-Dec-2022 20:36:37 UTC] PHP Warning:  Undefined property: stdClass::$guests_content in /opt/lampp/htdocs/social-proof-skyrocket/themes/altum/views/partials/announcements.php on line 4
[26-Dec-2022 20:36:37 UTC] PHP Warning:  Undefined property: stdClass::$users_content in /opt/lampp/htdocs/social-proof-skyrocket/themes/altum/views/partials/announcements.php on line 4
[26-Dec-2022 20:36:41 UTC] PHP Warning:  Undefined property: stdClass::$color in /opt/lampp/htdocs/social-proof-skyrocket/themes/altum/views/partials/plans.php on line 62
[26-Dec-2022 20:36:41 UTC] PHP Warning:  Undefined property: stdClass::$price in /opt/lampp/htdocs/social-proof-skyrocket/themes/altum/views/partials/plans.php on line 73
[26-Dec-2022 20:36:41 UTC] PHP Warning:  Undefined property: stdClass::$description in /opt/lampp/htdocs/social-proof-skyrocket/themes/altum/views/partials/plans.php on line 76
[26-Dec-2022 20:36:41 UTC] PHP Warning:  Undefined property: stdClass::$track_notifications_retention in /opt/lampp/htdocs/social-proof-skyrocket/themes/altum/views/partials/plans_plan_content.php on line 17
[26-Dec-2022 20:36:41 UTC] PHP Warning:  Undefined property: stdClass::$track_notifications_retention in /opt/lampp/htdocs/social-proof-skyrocket/themes/altum/views/partials/plans_plan_content.php on line 17
[26-Dec-2022 20:36:41 UTC] PHP Warning:  Undefined property: stdClass::$thank_you_url in /opt/lampp/htdocs/social-proof-skyrocket/themes/altum/views/partials/notifications/score_feedback.php on line 86
[26-Dec-2022 20:36:41 UTC] PHP Warning:  Undefined property: stdClass::$thank_you_url in /opt/lampp/htdocs/social-proof-skyrocket/themes/altum/views/partials/notifications/emoji_feedback.php on line 99
[26-Dec-2022 20:36:41 UTC] PHP Warning:  Undefined property: stdClass::$thank_you_url in /opt/lampp/htdocs/social-proof-skyrocket/themes/altum/views/partials/notifications/emoji_feedback.php on line 99
[26-Dec-2022 20:36:41 UTC] PHP Warning:  Undefined property: stdClass::$thank_you_url in /opt/lampp/htdocs/social-proof-skyrocket/themes/altum/views/partials/notifications/score_feedback.php on line 86
[26-Dec-2022 20:36:41 UTC] PHP Warning:  Undefined property: stdClass::$contact in /opt/lampp/htdocs/social-proof-skyrocket/themes/altum/views/partials/footer.php on line 56
[26-Dec-2022 20:36:41 UTC] PHP Warning:  Undefined property: stdClass::$guests_content in /opt/lampp/htdocs/social-proof-skyrocket/themes/altum/views/partials/announcements.php on line 4
[26-Dec-2022 20:36:41 UTC] PHP Warning:  Undefined property: stdClass::$users_content in /opt/lampp/htdocs/social-proof-skyrocket/themes/altum/views/partials/announcements.php on line 4
[26-Dec-2022 20:37:18 UTC] PHP Warning:  Undefined property: stdClass::$color in /opt/lampp/htdocs/social-proof-skyrocket/themes/altum/views/partials/plans.php on line 62
[26-Dec-2022 20:37:18 UTC] PHP Warning:  Undefined property: stdClass::$price in /opt/lampp/htdocs/social-proof-skyrocket/themes/altum/views/partials/plans.php on line 73
[26-Dec-2022 20:37:18 UTC] PHP Warning:  Undefined property: stdClass::$description in /opt/lampp/htdocs/social-proof-skyrocket/themes/altum/views/partials/plans.php on line 76
[26-Dec-2022 20:37:18 UTC] PHP Warning:  Undefined property: stdClass::$track_notifications_retention in /opt/lampp/htdocs/social-proof-skyrocket/themes/altum/views/partials/plans_plan_content.php on line 17
[26-Dec-2022 20:37:18 UTC] PHP Warning:  Undefined property: stdClass::$track_notifications_retention in /opt/lampp/htdocs/social-proof-skyrocket/themes/altum/views/partials/plans_plan_content.php on line 17
[26-Dec-2022 20:37:18 UTC] PHP Warning:  Undefined property: stdClass::$thank_you_url in /opt/lampp/htdocs/social-proof-skyrocket/themes/altum/views/partials/notifications/score_feedback.php on line 86
[26-Dec-2022 20:37:18 UTC] PHP Warning:  Undefined property: stdClass::$thank_you_url in /opt/lampp/htdocs/social-proof-skyrocket/themes/altum/views/partials/notifications/emoji_feedback.php on line 99
[26-Dec-2022 20:37:18 UTC] PHP Warning:  Undefined property: stdClass::$thank_you_url in /opt/lampp/htdocs/social-proof-skyrocket/themes/altum/views/partials/notifications/emoji_feedback.php on line 99
[26-Dec-2022 20:37:18 UTC] PHP Warning:  Undefined property: stdClass::$thank_you_url in /opt/lampp/htdocs/social-proof-skyrocket/themes/altum/views/partials/notifications/score_feedback.php on line 86
[26-Dec-2022 20:37:18 UTC] PHP Warning:  Undefined property: stdClass::$contact in /opt/lampp/htdocs/social-proof-skyrocket/themes/altum/views/partials/footer.php on line 56
[26-Dec-2022 20:37:18 UTC] PHP Warning:  Undefined property: stdClass::$guests_content in /opt/lampp/htdocs/social-proof-skyrocket/themes/altum/views/partials/announcements.php on line 4
[26-Dec-2022 20:37:18 UTC] PHP Warning:  Undefined property: stdClass::$users_content in /opt/lampp/htdocs/social-proof-skyrocket/themes/altum/views/partials/announcements.php on line 4
